<?xml version="1.0" encoding="UTF-8"?>
<!-- Generated by org.testng.reporters.JUnitXMLReporter -->
<testsuite ignored="0" hostname="DESKTOP-QI6H2EA" failures="2" tests="3" name="SubmitOrderTest" time="10.348" errors="0" timestamp="2024-07-04T23:31:36 IST">
  <testcase classname="SubmitOrderTest" name="SubmitOrderTest" time="0.164">
    <failure type="java.lang.IllegalArgumentException" message="Keys to send should be a not null CharSequence">
      <![CDATA[java.lang.IllegalArgumentException: Keys to send should be a not null CharSequence
at org.openqa.selenium.remote.RemoteWebElement.sendKeys(RemoteWebElement.java:96)
at org.openqa.selenium.support.pagefactory.internal.LocatingElementHandler.invoke(LocatingElementHandler.java:51)
at jdk.proxy2/jdk.proxy2.$Proxy15.sendKeys(Unknown Source)
at PracticingPageObject.LandingPage.LogInApplication(LandingPage.java:40)
at SubmitOrderTest.SubmitOrderTest(SubmitOrderTest.java:25)
at java.base/java.util.ArrayList.forEach(ArrayList.java:1511)
... Removed 27 stack frames]]>
    </failure>
  </testcase> <!-- SubmitOrderTest -->
  <testcase classname="SubmitOrderTest" name="SubmitOrderTest" time="0.112">
    <failure type="java.lang.IllegalArgumentException" message="Keys to send should be a not null CharSequence">
      <![CDATA[java.lang.IllegalArgumentException: Keys to send should be a not null CharSequence
at org.openqa.selenium.remote.RemoteWebElement.sendKeys(RemoteWebElement.java:96)
at org.openqa.selenium.support.pagefactory.internal.LocatingElementHandler.invoke(LocatingElementHandler.java:51)
at jdk.proxy2/jdk.proxy2.$Proxy15.sendKeys(Unknown Source)
at PracticingPageObject.LandingPage.LogInApplication(LandingPage.java:40)
at SubmitOrderTest.SubmitOrderTest(SubmitOrderTest.java:25)
at java.base/java.util.ArrayList.forEach(ArrayList.java:1511)
... Removed 27 stack frames]]>
    </failure>
  </testcase> <!-- SubmitOrderTest -->
  <testcase classname="SubmitOrderTest" name="OrdersTest" time="0.0">
    <skipped/>
  </testcase> <!-- OrdersTest -->
</testsuite> <!-- SubmitOrderTest -->
